{
  "RSpec": {
    "coverage": {
      "/Users/ttwigden/Desktop/Makers/Projects/bookmark-manager/spec/bookmarks_spec.rb": [
        1,
        null,
        1,
        null,
        null,
        1,
        1,
        1,
        null,
        1,
        1,
        1,
        null,
        null,
        null
      ],
      "/Users/ttwigden/Desktop/Makers/Projects/bookmark-manager/spec/features/home_page_spec.rb": [
        1,
        1,
        1,
        1,
        null,
        null
      ],
      "/Users/ttwigden/Desktop/Makers/Projects/bookmark-manager/spec/features/view_bookmarks_spec.rb": [
        1,
        1,
        1,
        1,
        1,
        null,
        null,
        1,
        null,
        1,
        1,
        1,
        null,
        null
      ]
    },
    "timestamp": 1611672883
  }
}
